Exception occurred!
Exception code: 0xc0000005
Exception address: 0x00007FFB669D8383
Exception occurred!
Exception code: 0xc0000005
Exception address: 0x00007FFB64658383
Exception occurred!
Exception code: 0xc0000005
Exception address: 0x00007FFB64FA8383
Exception occurred!
Exception code: 0xc0000005
Exception address: 0x00007FFB64FA8383
Exception occurred!
Exception code: 0xc0000005
Exception address: 0x00007FFB64FA8383
Exception occurred!
Exception code: 0xc0000005
Exception address: 0x00007FFB669D8383
Exception occurred!
Exception code: 0xc0000005
Exception address: 0x00007FFB669D8383
Exception occurred!
Exception code: 0xc0000005
Exception address: 0x00007FFB669D8383
Exception occurred!
Exception code: 0xc0000005
Exception address: 0x00007FFB669D8383
Exception occurred!
Exception code: 0xc0000005
Exception address: 0x00007FFB669D8383
Exception occurred!
Exception code: 0xc0000005
Exception address: 0x00007FFB669D8383
